# JRE version: Java(TM) SE Runtime Environment (8.0_20-b26) (build 1.8.0_20-b26)
# Java VM: Java HotSpot(TM) 64-Bit Server VM (25.20-b23 mixed mode linux-amd64 compressed oops)
Heap:
 PSYoungGen      total 36864K, used 481K [0x00000000d7100000, 0x00000000d9a00000, 0x0000000100000000)
  eden space 31744K, 1% used [0x00000000d7100000,0x00000000d71785d8,0x00000000d9000000)
  from space 5120K, 0% used [0x00000000d9000000,0x00000000d9000000,0x00000000d9500000)
  to   space 5120K, 0% used [0x00000000d9500000,0x00000000d9500000,0x00000000d9a00000)
 ParOldGen       total 84992K, used 4710K [0x0000000085200000, 0x000000008a500000, 0x00000000d7100000)
  object space 84992K, 5% used [0x0000000085200000,0x0000000085699848,0x000000008a500000)
 Metaspace       used 19988K, capacity 20149K, committed 20352K, reserved 1067008K
  class space    used 2065K, capacity 2103K, committed 2176K, reserved 1048576K
GC Heap History (10 events):
Event: 6,078 GC heap before
{Heap before GC invocations=9 (full 4):
 PSYoungGen      total 36864K, used 303K [0x00000000d7100000, 0x00000000d9a00000, 0x0000000100000000)
  eden space 31744K, 0% used [0x00000000d7100000,0x00000000d7100000,0x00000000d9000000)
  from space 5120K, 5% used [0x00000000d9000000,0x00000000d904bf40,0x00000000d9500000)
  to   space 5120K, 0% used [0x00000000d9500000,0x00000000d9500000,0x00000000d9a00000)
 ParOldGen       total 84992K, used 4210K [0x0000000085200000, 0x000000008a500000, 0x00000000d7100000)
  object space 84992K, 4% used [0x0000000085200000,0x000000008561cb70,0x000000008a500000)
 Metaspace       used 19585K, capacity 19701K, committed 19840K, reserved 1067008K
  class space    used 2054K, capacity 2103K, committed 2176K, reserved 1048576K
Event: 6,096 GC heap after
Heap after GC invocations=9 (full 4):
 PSYoungGen      total 36864K, used 0K [0x00000000d7100000, 0x00000000d9a00000, 0x0000000100000000)
  eden space 31744K, 0% used [0x00000000d7100000,0x00000000d7100000,0x00000000d9000000)
  from space 5120K, 0% used [0x00000000d9000000,0x00000000d9000000,0x00000000d9500000)
  to   space 5120K, 0% used [0x00000000d9500000,0x00000000d9500000,0x00000000d9a00000)
 ParOldGen       total 84992K, used 4396K [0x0000000085200000, 0x000000008a500000, 0x00000000d7100000)
  object space 84992K, 5% used [0x0000000085200000,0x000000008564b028,0x000000008a500000)
 Metaspace       used 19585K, capacity 19701K, committed 19840K, reserved 1067008K
  class space    used 2054K, capacity 2103K, committed 2176K, reserved 1048576K
}
Event: 77,158 GC heap before
{Heap before GC invocations=10 (full 4):
 PSYoungGen      total 36864K, used 4143K [0x00000000d7100000, 0x00000000d9a00000, 0x0000000100000000)
  eden space 31744K, 13% used [0x00000000d7100000,0x00000000d750bc18,0x00000000d9000000)
  from space 5120K, 0% used [0x00000000d9000000,0x00000000d9000000,0x00000000d9500000)
  to   space 5120K, 0% used [0x00000000d9500000,0x00000000d9500000,0x00000000d9a00000)
 ParOldGen       total 84992K, used 4396K [0x0000000085200000, 0x000000008a500000, 0x00000000d7100000)
  object space 84992K, 5% used [0x0000000085200000,0x000000008564b028,0x000000008a500000)
 Metaspace       used 19976K, capacity 20149K, committed 20352K, reserved 1067008K
  class space    used 2065K, capacity 2103K, committed 2176K, reserved 1048576K
Event: 77,159 GC heap after
Heap after GC invocations=10 (full 4):
 PSYoungGen      total 36864K, used 549K [0x00000000d7100000, 0x00000000d9a00000, 0x0000000100000000)
  eden space 31744K, 0% used [0x00000000d7100000,0x00000000d7100000,0x00000000d9000000)
  from space 5120K, 10% used [0x00000000d9500000,0x00000000d9589608,0x00000000d9a00000)
  to   space 5120K, 0% used [0x00000000d9000000,0x00000000d9000000,0x00000000d9500000)
 ParOldGen       total 84992K, used 4404K [0x0000000085200000, 0x000000008a500000, 0x00000000d7100000)
  object space 84992K, 5% used [0x0000000085200000,0x000000008564d028,0x000000008a500000)
 Metaspace       used 19976K, capacity 20149K, committed 20352K, reserved 1067008K
  class space    used 2065K, capacity 2103K, committed 2176K, reserved 1048576K
}
Event: 77,159 GC heap before
{Heap before GC invocations=11 (full 5):
 PSYoungGen      total 36864K, used 549K [0x00000000d7100000, 0x00000000d9a00000, 0x0000000100000000)
  eden space 31744K, 0% used [0x00000000d7100000,0x00000000d7100000,0x00000000d9000000)
  from space 5120K, 10% used [0x00000000d9500000,0x00000000d9589608,0x00000000d9a00000)
  to   space 5120K, 0% used [0x00000000d9000000,0x00000000d9000000,0x00000000d9500000)
 ParOldGen       total 84992K, used 4404K [0x0000000085200000, 0x000000008a500000, 0x00000000d7100000)
  object space 84992K, 5% used [0x0000000085200000,0x000000008564d028,0x000000008a500000)
 Metaspace       used 19976K, capacity 20149K, committed 20352K, reserved 1067008K
  class space    used 2065K, capacity 2103K, committed 2176K, reserved 1048576K
Event: 77,182 GC heap after
Heap after GC invocations=11 (full 5):
 PSYoungGen      total 36864K, used 0K [0x00000000d7100000, 0x00000000d9a00000, 0x0000000100000000)
  eden space 31744K, 0% used [0x00000000d7100000,0x00000000d7100000,0x00000000d9000000)
  from space 5120K, 0% used [0x00000000d9500000,0x00000000d9500000,0x00000000d9a00000)
  to   space 5120K, 0% used [0x00000000d9000000,0x00000000d9000000,0x00000000d9500000)
 ParOldGen       total 84992K, used 4854K [0x0000000085200000, 0x000000008a500000, 0x00000000d7100000)
  object space 84992K, 5% used [0x0000000085200000,0x00000000856bd9e0,0x000000008a500000)
 Metaspace       used 19976K, capacity 20149K, committed 20352K, reserved 1067008K
  class space    used 2065K, capacity 2103K, committed 2176K, reserved 1048576K
}
Event: 79,087 GC heap before
{Heap before GC invocations=12 (full 5):
 PSYoungGen      total 36864K, used 25036K [0x00000000d7100000, 0x00000000d9a00000, 0x0000000100000000)
  eden space 31744K, 78% used [0x00000000d7100000,0x00000000d8973138,0x00000000d9000000)
  from space 5120K, 0% used [0x00000000d9500000,0x00000000d9500000,0x00000000d9a00000)
  to   space 5120K, 0% used [0x00000000d9000000,0x00000000d9000000,0x00000000d9500000)
 ParOldGen       total 84992K, used 4854K [0x0000000085200000, 0x000000008a500000, 0x00000000d7100000)
  object space 84992K, 5% used [0x0000000085200000,0x00000000856bd9e0,0x000000008a500000)
 Metaspace       used 19985K, capacity 20149K, committed 20352K, reserved 1067008K
  class space    used 2065K, capacity 2103K, committed 2176K, reserved 1048576K
Event: 79,088 GC heap after
Heap after GC invocations=12 (full 5):
 PSYoungGen      total 36864K, used 128K [0x00000000d7100000, 0x00000000d9a00000, 0x0000000100000000)
  eden space 31744K, 0% used [0x00000000d7100000,0x00000000d7100000,0x00000000d9000000)
  from space 5120K, 2% used [0x00000000d9000000,0x00000000d9020000,0x00000000d9500000)
  to   space 5120K, 0% used [0x00000000d9500000,0x00000000d9500000,0x00000000d9a00000)
 ParOldGen       total 84992K, used 4854K [0x0000000085200000, 0x000000008a500000, 0x00000000d7100000)
  object space 84992K, 5% used [0x0000000085200000,0x00000000856bd9e0,0x000000008a500000)
 Metaspace       used 19985K, capacity 20149K, committed 20352K, reserved 1067008K
  class space    used 2065K, capacity 2103K, committed 2176K, reserved 1048576K
}
Event: 79,088 GC heap before
{Heap before GC invocations=13 (full 6):
 PSYoungGen      total 36864K, used 128K [0x00000000d7100000, 0x00000000d9a00000, 0x0000000100000000)
  eden space 31744K, 0% used [0x00000000d7100000,0x00000000d7100000,0x00000000d9000000)
  from space 5120K, 2% used [0x00000000d9000000,0x00000000d9020000,0x00000000d9500000)
  to   space 5120K, 0% used [0x00000000d9500000,0x00000000d9500000,0x00000000d9a00000)
 ParOldGen       total 84992K, used 4854K [0x0000000085200000, 0x000000008a500000, 0x00000000d7100000)
  object space 84992K, 5% used [0x0000000085200000,0x00000000856bd9e0,0x000000008a500000)
 Metaspace       used 19985K, capacity 20149K, committed 20352K, reserved 1067008K
  class space    used 2065K, capacity 2103K, committed 2176K, reserved 1048576K
Event: 79,103 GC heap after
Heap after GC invocations=13 (full 6):
 PSYoungGen      total 36864K, used 0K [0x00000000d7100000, 0x00000000d9a00000, 0x0000000100000000)
  eden space 31744K, 0% used [0x00000000d7100000,0x00000000d7100000,0x00000000d9000000)
  from space 5120K, 0% used [0x00000000d9000000,0x00000000d9000000,0x00000000d9500000)
  to   space 5120K, 0% used [0x00000000d9500000,0x00000000d9500000,0x00000000d9a00000)
 ParOldGen       total 84992K, used 4710K [0x0000000085200000, 0x000000008a500000, 0x00000000d7100000)
  object space 84992K, 5% used [0x0000000085200000,0x0000000085699848,0x000000008a500000)
 Metaspace       used 19985K, capacity 20149K, committed 20352K, reserved 1067008K
  class space    used 2065K, capacity 2103K, committed 2176K, reserved 1048576K
}

